{
  "RSpec": {
    "coverage": {
      "/Users/HenriqueMorato/CampusCode/Aluguel-Temporada/config/environment.rb": [
        null,
        1,
        null,
        null,
        1
      ],
      "/Users/HenriqueMorato/CampusCode/Aluguel-Temporada/config/application.rb": [
        1,
        null,
        1,
        null,
        1,
        1,
        1,
        1,
        1,
        1,
        1,
        1,
        null,
        null,
        null,
        null,
        1,
        null,
        1,
        1,
        null,
        1,
        null,
        null,
        null,
        null,
        null,
        null,
        1,
        null,
        null
      ],
      "/Users/HenriqueMorato/CampusCode/Aluguel-Temporada/config/boot.rb": [
        1,
        null,
        1
      ],
      "/Users/HenriqueMorato/CampusCode/Aluguel-Temporada/config/environments/test.rb": [
        1,
        null,
        null,
        null,
        null,
        null,
        null,
        1,
        null,
        null,
        null,
        null,
        1,
        null,
        null,
        1,
        1,
        null,
        null,
        null,
        null,
        1,
        1,
        null,
        null,
        1,
        null,
        null,
        1,
        1,
        null,
        null,
        null,
        null,
        1,
        null,
        null,
        1,
        null,
        null,
        null,
        null
      ],
      "/Users/HenriqueMorato/CampusCode/Aluguel-Temporada/config/initializers/application_controller_renderer.rb": [
        null,
        null,
        null,
        null,
        null,
        null,
        null,
        null
      ],
      "/Users/HenriqueMorato/CampusCode/Aluguel-Temporada/config/initializers/assets.rb": [
        null,
        null,
        null,
        1,
        null,
        null,
        null,
        null,
        1,
        null,
        null,
        null,
        null,
        null
      ],
      "/Users/HenriqueMorato/CampusCode/Aluguel-Temporada/config/initializers/backtrace_silencers.rb": [
        null,
        null,
        null,
        null,
        null,
        null,
        null
      ],
      "/Users/HenriqueMorato/CampusCode/Aluguel-Temporada/config/initializers/cookies_serializer.rb": [
        null,
        null,
        null,
        null,
        1
      ],
      "/Users/HenriqueMorato/CampusCode/Aluguel-Temporada/config/initializers/filter_parameter_logging.rb": [
        null,
        null,
        null,
        1
      ],
      "/Users/HenriqueMorato/CampusCode/Aluguel-Temporada/config/initializers/inflections.rb": [
        null,
        null,
        null,
        null,
        null,
        null,
        null,
        null,
        null,
        null,
        null,
        null,
        null,
        null,
        null,
        null
      ],
      "/Users/HenriqueMorato/CampusCode/Aluguel-Temporada/config/initializers/mime_types.rb": [
        null,
        null,
        null,
        null
      ],
      "/Users/HenriqueMorato/CampusCode/Aluguel-Temporada/config/initializers/wrap_parameters.rb": [
        null,
        null,
        null,
        null,
        null,
        null,
        1,
        2,
        null,
        null,
        null,
        null,
        null,
        null
      ],
      "/Users/HenriqueMorato/CampusCode/Aluguel-Temporada/config/routes.rb": [
        1,
        null,
        1,
        null,
        1,
        1,
        null
      ],
      "/Users/HenriqueMorato/CampusCode/Aluguel-Temporada/app/helpers/application_helper.rb": [
        1,
        null
      ],
      "/Users/HenriqueMorato/CampusCode/Aluguel-Temporada/app/helpers/properties_helper.rb": [
        1,
        null
      ],
      "/Users/HenriqueMorato/CampusCode/Aluguel-Temporada/app/helpers/property_types_helper.rb": [
        1,
        null
      ],
      "/Users/HenriqueMorato/CampusCode/Aluguel-Temporada/app/controllers/properties_controller.rb": [
        1,
        null
      ],
      "/Users/HenriqueMorato/CampusCode/Aluguel-Temporada/app/controllers/application_controller.rb": [
        1,
        1,
        null
      ],
      "/Users/HenriqueMorato/CampusCode/Aluguel-Temporada/spec/controllers/property_types_controller_spec.rb": [
        1,
        null,
        1,
        null,
        null
      ],
      "/Users/HenriqueMorato/CampusCode/Aluguel-Temporada/app/controllers/property_types_controller.rb": [
        1,
        null,
        1,
        null,
        1,
        null,
        null,
        1,
        1,
        null,
        null,
        1,
        1,
        1,
        1,
        1,
        null,
        0,
        null,
        null,
        null,
        1,
        1,
        1,
        null,
        null,
        1,
        1,
        null,
        null
      ],
      "/Users/HenriqueMorato/CampusCode/Aluguel-Temporada/spec/feature/admin_register_property_type_spec.rb": [
        1,
        null,
        1,
        1,
        1,
        1,
        null,
        1,
        null,
        1,
        null,
        1,
        1,
        null,
        null
      ],
      "/Users/HenriqueMorato/CampusCode/Aluguel-Temporada/spec/feature/owner_register_property_spec.rb": [
        1,
        null,
        1,
        null,
        null
      ],
      "/Users/HenriqueMorato/CampusCode/Aluguel-Temporada/spec/helpers/properties_helper_spec.rb": [
        1,
        null,
        null,
        null,
        null,
        null,
        null,
        null,
        null,
        null,
        null,
        null,
        1,
        null,
        null
      ],
      "/Users/HenriqueMorato/CampusCode/Aluguel-Temporada/spec/helpers/property_types_helper_spec.rb": [
        1,
        null,
        null,
        null,
        null,
        null,
        null,
        null,
        null,
        null,
        null,
        null,
        1,
        null,
        null
      ],
      "/Users/HenriqueMorato/CampusCode/Aluguel-Temporada/spec/models/property_spec.rb": [
        1,
        null,
        1,
        null,
        null
      ],
      "/Users/HenriqueMorato/CampusCode/Aluguel-Temporada/app/models/property.rb": [
        1,
        null
      ],
      "/Users/HenriqueMorato/CampusCode/Aluguel-Temporada/app/models/application_record.rb": [
        1,
        1,
        null
      ],
      "/Users/HenriqueMorato/CampusCode/Aluguel-Temporada/spec/models/property_type_spec.rb": [
        1,
        null,
        1,
        null,
        null
      ],
      "/Users/HenriqueMorato/CampusCode/Aluguel-Temporada/app/models/property_type.rb": [
        1,
        null
      ],
      "/Users/HenriqueMorato/CampusCode/Aluguel-Temporada/app/controllers/home_controller.rb": [
        1,
        1,
        null,
        null
      ]
    },
    "timestamp": 1508704834
  }
}
